Using pre-set license
Built from '2022.3/staging' branch; Version is '2022.3.15f1 (b58023a2b463) revision 11894819'; Using compiler version '192829333'; Build Type 'Release'
OS: 'Windows 10  (10.0.19045) 64bit Professional' Language: 'ko' Physical Memory: 16317 MB
BatchMode: 1, IsHumanControllingUs: 0, StartBugReporterOnCrash: 0, Is64bit: 1, IsPro: 1

COMMAND LINE ARGUMENTS:
C:\Program Files\Unity\Hub\Editor\2022.3.15f1\Editor\Unity.exe
-adb2
-batchMode
-noUpm
-name
AssetImportWorker2
-projectPath
C:/Users/tonuy/Desktop/25.04-Unity-main/Game
-logFile
Logs/AssetImportWorker2.log
-srvPort
56942
Successfully changed project path to: C:/Users/tonuy/Desktop/25.04-Unity-main/Game
C:/Users/tonuy/Desktop/25.04-Unity-main/Game
[UnityMemory] Configuration Parameters - Can be set up in boot.config
    "memorysetup-bucket-allocator-granularity=16"
    "memorysetup-bucket-allocator-bucket-count=8"
    "memorysetup-bucket-allocator-block-size=33554432"
    "memorysetup-bucket-allocator-block-count=8"
    "memorysetup-main-allocator-block-size=16777216"
    "memorysetup-thread-allocator-block-size=16777216"
    "memorysetup-gfx-main-allocator-block-size=16777216"
    "memorysetup-gfx-thread-allocator-block-size=16777216"
    "memorysetup-cache-allocator-block-size=4194304"
    "memorysetup-typetree-allocator-block-size=2097152"
    "memorysetup-profiler-bucket-allocator-granularity=16"
    "memorysetup-profiler-bucket-allocator-bucket-count=8"
    "memorysetup-profiler-bucket-allocator-block-size=33554432"
    "memorysetup-profiler-bucket-allocator-block-count=8"
    "memorysetup-profiler-allocator-block-size=16777216"
    "memorysetup-profiler-editor-allocator-block-size=1048576"
    "memorysetup-temp-allocator-size-main=16777216"
    "memorysetup-job-temp-allocator-block-size=2097152"
    "memorysetup-job-temp-allocator-block-size-background=1048576"
    "memorysetup-job-temp-allocator-reduction-small-platforms=262144"
    "memorysetup-allocator-temp-initial-block-size-main=262144"
    "memorysetup-allocator-temp-initial-block-size-worker=262144"
    "memorysetup-temp-allocator-size-background-worker=32768"
    "memorysetup-temp-allocator-size-job-worker=262144"
    "memorysetup-temp-allocator-size-preload-manager=33554432"
    "memorysetup-temp-allocator-size-nav-mesh-worker=65536"
    "memorysetup-temp-allocator-size-audio-worker=65536"
    "memorysetup-temp-allocator-size-cloud-worker=32768"
    "memorysetup-temp-allocator-size-gi-baking-worker=262144"
    "memorysetup-temp-allocator-size-gfx=262144"
Player connection [17816] Host "[IP] 192.168.35.22 [Port] 0 [Flags] 2 [Guid] 2707753738 [EditorId] 2707753738 [Version] 1048832 [Id] WindowsEditor(7,DESKTOP-K8150E4) [Debug] 1 [PackageName] WindowsEditor [ProjectName] Editor" joined multi-casting on [225.0.0.222:54997]...

Player connection [17816] Host "[IP] 192.168.35.22 [Port] 0 [Flags] 2 [Guid] 2707753738 [EditorId] 2707753738 [Version] 1048832 [Id] WindowsEditor(7,DESKTOP-K8150E4) [Debug] 1 [PackageName] WindowsEditor [ProjectName] Editor" joined alternative multi-casting on [225.0.0.222:34997]...

[Physics::Module] Initialized MultithreadedJobDispatcher with 5 workers.
Refreshing native plugins compatible for Editor in 21.77 ms, found 3 plugins.
Preloading 0 native plugins for Editor in 0.00 ms.
Initialize engine version: 2022.3.15f1 (b58023a2b463)
[Subsystems] Discovering subsystems at path C:/Program Files/Unity/Hub/Editor/2022.3.15f1/Editor/Data/Resources/UnitySubsystems
[Subsystems] Discovering subsystems at path C:/Users/tonuy/Desktop/25.04-Unity-main/Game/Assets
GfxDevice: creating device client; threaded=0; jobified=0
Direct3D:
    Version:  Direct3D 11.0 [level 11.1]
    Renderer: NVIDIA GeForce GTX 1060 6GB (ID=0x1c03)
    Vendor:   NVIDIA
    VRAM:     6029 MB
    Driver:   32.0.15.6094
Initialize mono
Mono path[0] = 'C:/Program Files/Unity/Hub/Editor/2022.3.15f1/Editor/Data/Managed'
Mono path[1] = 'C:/Program Files/Unity/Hub/Editor/2022.3.15f1/Editor/Data/MonoBleedingEdge/lib/mono/unityjit-win32'
Mono config path = 'C:/Program Files/Unity/Hub/Editor/2022.3.15f1/Editor/Data/MonoBleedingEdge/etc'
Using monoOptions --debugger-agent=transport=dt_socket,embedding=1,server=y,suspend=n,address=127.0.0.1:56576
Begin MonoManager ReloadAssembly
Registering precompiled unity dll's ...
Register platform support module: C:/Program Files/Unity/Hub/Editor/2022.3.15f1/Editor/Data/PlaybackEngines/WindowsStandaloneSupport/UnityEditor.WindowsStandalone.Extensions.dll
Registered in 0.011935 seconds.
- Loaded All Assemblies, in  0.399 seconds
Native extension for WindowsStandalone target not found
Mono: successfully reloaded assembly
- Finished resetting the current domain, in  0.298 seconds
Domain Reload Profiling: 695ms
	BeginReloadAssembly (132ms)
		ExecutionOrderSort (0ms)
		DisableScriptedObjects (0ms)
		BackupInstance (0ms)
		ReleaseScriptingObjects (0ms)
		CreateAndSetChildDomain (2ms)
	RebuildCommonClasses (37ms)
	RebuildNativeTypeToScriptingClass (11ms)
	initialDomainReloadingComplete (69ms)
	LoadAllAssembliesAndSetupDomain (148ms)
		LoadAssemblies (127ms)
		RebuildTransferFunctionScriptingTraits (0ms)
		AnalyzeDomain (146ms)
			TypeCache.Refresh (145ms)
				TypeCache.ScanAssembly (130ms)
			ScanForSourceGeneratedMonoScriptInfo (0ms)
			ResolveRequiredComponents (0ms)
	FinalizeReload (298ms)
		ReleaseScriptCaches (0ms)
		RebuildScriptCaches (0ms)
		SetupLoadedEditorAssemblies (234ms)
			LogAssemblyErrors (0ms)
			InitializePlatformSupportModulesInManaged (10ms)
			SetLoadedEditorAssemblies (8ms)
			RefreshPlugins (0ms)
			BeforeProcessingInitializeOnLoad (2ms)
			ProcessInitializeOnLoadAttributes (155ms)
			ProcessInitializeOnLoadMethodAttributes (59ms)
			AfterProcessingInitializeOnLoad (0ms)
			EditorAssembliesLoaded (0ms)
		ExecutionOrderSort2 (0ms)
		AwakeInstancesAfterBackupRestoration (0ms)
========================================================================
Worker process is ready to serve import requests
Begin MonoManager ReloadAssembly
- Loaded All Assemblies, in  0.688 seconds
Refreshing native plugins compatible for Editor in 4.53 ms, found 3 plugins.
Native extension for WindowsStandalone target not found
Mono: successfully reloaded assembly
- Finished resetting the current domain, in  0.653 seconds
Domain Reload Profiling: 1338ms
	BeginReloadAssembly (175ms)
		ExecutionOrderSort (0ms)
		DisableScriptedObjects (6ms)
		BackupInstance (0ms)
		ReleaseScriptingObjects (0ms)
		CreateAndSetChildDomain (21ms)
	RebuildCommonClasses (35ms)
	RebuildNativeTypeToScriptingClass (12ms)
	initialDomainReloadingComplete (44ms)
	LoadAllAssembliesAndSetupDomain (418ms)
		LoadAssemblies (333ms)
		RebuildTransferFunctionScriptingTraits (0ms)
		AnalyzeDomain (188ms)
			TypeCache.Refresh (166ms)
				TypeCache.ScanAssembly (150ms)
			ScanForSourceGeneratedMonoScriptInfo (15ms)
			ResolveRequiredComponents (6ms)
	FinalizeReload (654ms)
		ReleaseScriptCaches (0ms)
		RebuildScriptCaches (0ms)
		SetupLoadedEditorAssemblies (489ms)
			LogAssemblyErrors (0ms)
			InitializePlatformSupportModulesInManaged (7ms)
			SetLoadedEditorAssemblies (5ms)
			RefreshPlugins (0ms)
			BeforeProcessingInitializeOnLoad (118ms)
			ProcessInitializeOnLoadAttributes (325ms)
			ProcessInitializeOnLoadMethodAttributes (25ms)
			AfterProcessingInitializeOnLoad (10ms)
			EditorAssembliesLoaded (0ms)
		ExecutionOrderSort2 (0ms)
		AwakeInstancesAfterBackupRestoration (15ms)
Launched and connected shader compiler UnityShaderCompiler.exe after 0.06 seconds
Refreshing native plugins compatible for Editor in 4.19 ms, found 3 plugins.
Preloading 0 native plugins for Editor in 0.00 ms.
Unloading 3141 Unused Serialized files (Serialized files now loaded: 0)
Unloading 34 unused Assets / (57.3 KB). Loaded Objects now: 3604.
Memory consumption went from 127.7 MB to 127.6 MB.
Total: 2.724700 ms (FindLiveObjects: 0.239400 ms CreateObjectMapping: 0.182900 ms MarkObjects: 2.210800 ms  DeleteObjects: 0.091000 ms)

AssetImportParameters requested are different than current active one (requested -> active):
  custom:container-demuxer-ogg: 62fdf1f143b41e24485cea50d1cbac27 -> 
  custom:video-decoder-ogg-theora: a1e56fd34408186e4bbccfd4996cb3dc -> 
  custom:framework-win-MediaFoundation: 216162199b28c13a410421893ffa2e32 -> 
  custom:CustomObjectIndexerAttribute: 43b350a4d6e6d1791af0b5038c4bea17 -> 
  custom:container-demuxer-webm: 4f35f7cbe854078d1ac9338744f61a02 -> 
  custom:container-muxer-webm: aa71ff27fc2769a1b78a27578f13a17b -> 
  custom:video-decoder-webm-vp8: 9c59270c3fd7afecdb556c50c9e8de78 -> 
  custom:SearchIndexIgnoredProperties: e643bd26f0fe6173181afceb89e7c659 -> 
  custom:AudioImporter_EditorPlatform: d09bf68614088b80899f8185d706f6e7 -> 
  custom:video-encoder-webm-vp8: eb34c28f22e8b96e1ab97ce403110664 -> 
  custom:audio-decoder-ogg-vorbis: bf7c407c2cedff20999df2af8eb42d56 -> 
  custom:audio-encoder-webm-vorbis: bf7c407c2cedff20999df2af8eb42d56 -> 
========================================================================
Received Import Request.
  Time since last request: 1557405.159017 seconds.
  path: Assets/Class 12th/StudioBillion/House Interior/Materials
  artifactKey: Guid(02554b787a77df44ea1075803fddd694) Importer(815301076,1909f56bfc062723c751e8b465ee728b)
Start importing Assets/Class 12th/StudioBillion/House Interior/Materials using Guid(02554b787a77df44ea1075803fddd694) Importer(815301076,1909f56bfc062723c751e8b465ee728b)  -> (artifact id: 'c5b01858723d96e3c340b5fe8da6cc26') in 0.003453 seconds
Number of updated asset objects reloaded before import = 0
Number of asset objects unloaded after import = 0
========================================================================
Received Import Request.
  Time since last request: 0.296242 seconds.
  path: Assets/Class 12th/StudioBillion/House Interior/Models
  artifactKey: Guid(0c119f26db6336c459c783a22356f989) Importer(815301076,1909f56bfc062723c751e8b465ee728b)
Start importing Assets/Class 12th/StudioBillion/House Interior/Models using Guid(0c119f26db6336c459c783a22356f989) Importer(815301076,1909f56bfc062723c751e8b465ee728b)  -> (artifact id: 'eefbbb1a89eaed22b0f663adefc5d429') in 0.000453 seconds
Number of updated asset objects reloaded before import = 0
Number of asset objects unloaded after import = 0
========================================================================
Received Import Request.
  Time since last request: 0.088068 seconds.
  path: Assets/Class 12th/StudioBillion/House Interior/Models/House.fbx
  artifactKey: Guid(02ad78cca7f19f843b49a2e580791919) Importer(815301076,1909f56bfc062723c751e8b465ee728b)
Start importing Assets/Class 12th/StudioBillion/House Interior/Models/House.fbx using Guid(02ad78cca7f19f843b49a2e580791919) Importer(815301076,1909f56bfc062723c751e8b465ee728b)  -> (artifact id: '803447d76cee5e1f1c29314fce15aee6') in 0.758075 seconds
Number of updated asset objects reloaded before import = 0
Number of asset objects unloaded after import = 646
========================================================================
Received Import Request.
  Time since last request: 362.333365 seconds.
  path: Assets/Class 12th/Cursors/Cursors 64
  artifactKey: Guid(78af82a4a92a91b4ab6ca0f0ba07966b) Importer(815301076,1909f56bfc062723c751e8b465ee728b)
Start importing Assets/Class 12th/Cursors/Cursors 64 using Guid(78af82a4a92a91b4ab6ca0f0ba07966b) Importer(815301076,1909f56bfc062723c751e8b465ee728b)  -> (artifact id: '350b39b45291ebf83a0b1441c6e80f00') in 0.001161 seconds
Number of updated asset objects reloaded before import = 0
Number of asset objects unloaded after import = 0
========================================================================
Received Import Request.
  Time since last request: 0.061202 seconds.
  path: Assets/Class 12th/Cursors/Cursors 64/G_Cursor_Hand.png
  artifactKey: Guid(e43eb6dc9e9ce1f47bac91c53a5246fc) Importer(815301076,1909f56bfc062723c751e8b465ee728b)
Start importing Assets/Class 12th/Cursors/Cursors 64/G_Cursor_Hand.png using Guid(e43eb6dc9e9ce1f47bac91c53a5246fc) Importer(815301076,1909f56bfc062723c751e8b465ee728b)  -> (artifact id: '15188e5b976fe648894796ac6aa88db3') in 0.051568 seconds
Number of updated asset objects reloaded before import = 0
Number of asset objects unloaded after import = 3
========================================================================
Received Import Request.
  Time since last request: 102.694159 seconds.
  path: Assets/Class 12th/Cursors/Default.png
  artifactKey: Guid(e43eb6dc9e9ce1f47bac91c53a5246fc) Importer(815301076,1909f56bfc062723c751e8b465ee728b)
Start importing Assets/Class 12th/Cursors/Default.png using Guid(e43eb6dc9e9ce1f47bac91c53a5246fc) Importer(815301076,1909f56bfc062723c751e8b465ee728b)  -> (artifact id: '0698d7dd42df8a26c33def367c2c048c') in 0.028378 seconds
Number of updated asset objects reloaded before import = 0
Number of asset objects unloaded after import = 3
========================================================================
Received Import Request.
  Time since last request: 84.331138 seconds.
  path: Assets/Class 6th/Textures/Ch06_1001_Diffuse.png
  artifactKey: Guid(59e8c31d0fbb9654daa956078565d1a9) Importer(815301076,1909f56bfc062723c751e8b465ee728b)
Start importing Assets/Class 6th/Textures/Ch06_1001_Diffuse.png using Guid(59e8c31d0fbb9654daa956078565d1a9) Importer(815301076,1909f56bfc062723c751e8b465ee728b)  -> (artifact id: 'a1405b74fa4d578d3c0e4b312ba6ffe3') in 0.044125 seconds
Number of updated asset objects reloaded before import = 0
Number of asset objects unloaded after import = 2
========================================================================
Received Import Request.
  Time since last request: 0.000020 seconds.
  path: Assets/Class 6th/Textures/Ch06_1001_Glossiness.png
  artifactKey: Guid(614ff737284fc744c836e0d24a22119c) Importer(815301076,1909f56bfc062723c751e8b465ee728b)
Start importing Assets/Class 6th/Textures/Ch06_1001_Glossiness.png using Guid(614ff737284fc744c836e0d24a22119c) Importer(815301076,1909f56bfc062723c751e8b465ee728b)  -> (artifact id: '80494c0dfc22eef9b5a395edc3a70489') in 0.038236 seconds
Number of updated asset objects reloaded before import = 0
Number of asset objects unloaded after import = 2
========================================================================
Received Import Request.
  Time since last request: 0.009112 seconds.
  path: Assets/Class 6th/Textures/Ch06_1001_Glossiness 1.png
  artifactKey: Guid(8da12749f84800e42a0b313076311729) Importer(815301076,1909f56bfc062723c751e8b465ee728b)
Start importing Assets/Class 6th/Textures/Ch06_1001_Glossiness 1.png using Guid(8da12749f84800e42a0b313076311729) Importer(815301076,1909f56bfc062723c751e8b465ee728b)  -> (artifact id: '5ec53a734bb6a3cbdb60b3e8f32504a1') in 0.052115 seconds
Number of updated asset objects reloaded before import = 0
Number of asset objects unloaded after import = 2
========================================================================
Received Import Request.
  Time since last request: 0.000212 seconds.
  path: Assets/Class 6th/Textures/Ch06_1001_Specular.png
  artifactKey: Guid(eecf1c98fb43ba949b3cfb4853bbe702) Importer(815301076,1909f56bfc062723c751e8b465ee728b)
Start importing Assets/Class 6th/Textures/Ch06_1001_Specular.png using Guid(eecf1c98fb43ba949b3cfb4853bbe702) Importer(815301076,1909f56bfc062723c751e8b465ee728b)  -> (artifact id: 'f2dcc0d9459004f83fcbcc814f17577c') in 0.035593 seconds
Number of updated asset objects reloaded before import = 0
Number of asset objects unloaded after import = 2
========================================================================
Received Import Request.
  Time since last request: 1.710565 seconds.
  path: Assets/Class 6th/Textures/Ch06_1001_Specular 1.png
  artifactKey: Guid(7cb04791c32b36d4caf7335d139b94ec) Importer(815301076,1909f56bfc062723c751e8b465ee728b)
Start importing Assets/Class 6th/Textures/Ch06_1001_Specular 1.png using Guid(7cb04791c32b36d4caf7335d139b94ec) Importer(815301076,1909f56bfc062723c751e8b465ee728b)  -> (artifact id: '143dfae70e4a777c2cba8e6d5fa0e94e') in 0.026815 seconds
Number of updated asset objects reloaded before import = 0
Number of asset objects unloaded after import = 2
========================================================================
Received Import Request.
  Time since last request: 0.344171 seconds.
  path: Assets/Class 6th/Textures/Ch06_1002_Diffuse 1.png
  artifactKey: Guid(66ff0b54715a3a1428a8de8018d2bce0) Importer(815301076,1909f56bfc062723c751e8b465ee728b)
Start importing Assets/Class 6th/Textures/Ch06_1002_Diffuse 1.png using Guid(66ff0b54715a3a1428a8de8018d2bce0) Importer(815301076,1909f56bfc062723c751e8b465ee728b)  -> (artifact id: '5b5ff938511699409af5de1a903841a2') in 0.041525 seconds
Number of updated asset objects reloaded before import = 0
Number of asset objects unloaded after import = 2
========================================================================
Received Import Request.
  Time since last request: 0.000296 seconds.
  path: Assets/Class 6th/Textures/Ch06_1002_Glossiness 1.png
  artifactKey: Guid(814ff6bb1171864469314e99a15635e4) Importer(815301076,1909f56bfc062723c751e8b465ee728b)
Start importing Assets/Class 6th/Textures/Ch06_1002_Glossiness 1.png using Guid(814ff6bb1171864469314e99a15635e4) Importer(815301076,1909f56bfc062723c751e8b465ee728b)  -> (artifact id: '0f9972f8377d4b5b2854015618e6ec31') in 0.055900 seconds
Number of updated asset objects reloaded before import = 0
Number of asset objects unloaded after import = 2
========================================================================
Received Import Request.
  Time since last request: 0.265680 seconds.
  path: Assets/Class 6th/Textures/Ch06_1002_Normal 1.png
  artifactKey: Guid(158e395f64d9aad46a5cb771adb9c1f6) Importer(815301076,1909f56bfc062723c751e8b465ee728b)
Start importing Assets/Class 6th/Textures/Ch06_1002_Normal 1.png using Guid(158e395f64d9aad46a5cb771adb9c1f6) Importer(815301076,1909f56bfc062723c751e8b465ee728b)  -> (artifact id: 'dc13cf1b3bb77d95d5df1f6341f66ee4') in 0.088312 seconds
Number of updated asset objects reloaded before import = 0
Number of asset objects unloaded after import = 2
========================================================================
Received Import Request.
  Time since last request: 0.000029 seconds.
  path: Assets/Class 6th/Textures/Ch06_1002_Specular 1.png
  artifactKey: Guid(ecd58e5c752a3fd429abbe8c0e085fcd) Importer(815301076,1909f56bfc062723c751e8b465ee728b)
Start importing Assets/Class 6th/Textures/Ch06_1002_Specular 1.png using Guid(ecd58e5c752a3fd429abbe8c0e085fcd) Importer(815301076,1909f56bfc062723c751e8b465ee728b)  -> (artifact id: 'db273b08f372d1ab7c4410d8bd310db2') in 0.025770 seconds
Number of updated asset objects reloaded before import = 0
Number of asset objects unloaded after import = 2
========================================================================
Received Import Request.
  Time since last request: 0.612188 seconds.
  path: Assets/Class 4th/PolyRonin/Medieval Blacksmith Props/Textures/medieval-blacksmith-colors.png
  artifactKey: Guid(d30c056417f516c429eeb43d52193970) Importer(815301076,1909f56bfc062723c751e8b465ee728b)
Start importing Assets/Class 4th/PolyRonin/Medieval Blacksmith Props/Textures/medieval-blacksmith-colors.png using Guid(d30c056417f516c429eeb43d52193970) Importer(815301076,1909f56bfc062723c751e8b465ee728b)  -> (artifact id: '6300e612ecdf3e6088d3388eb572c8a9') in 0.042917 seconds
Number of updated asset objects reloaded before import = 0
Number of asset objects unloaded after import = 2
========================================================================
Received Import Request.
  Time since last request: 0.244633 seconds.
  path: Assets/Class 2th/DreamGrid/Characters/Bear/Textures/monster_bear01_Body1.png
  artifactKey: Guid(9fbde9201c9fe9c44b0b4ac267930403) Importer(815301076,1909f56bfc062723c751e8b465ee728b)
Start importing Assets/Class 2th/DreamGrid/Characters/Bear/Textures/monster_bear01_Body1.png using Guid(9fbde9201c9fe9c44b0b4ac267930403) Importer(815301076,1909f56bfc062723c751e8b465ee728b)  -> (artifact id: 'c9d0c4e35ad1046d3eb2ae50cf983375') in 0.027245 seconds
Number of updated asset objects reloaded before import = 0
Number of asset objects unloaded after import = 2
========================================================================
Received Import Request.
  Time since last request: 0.000018 seconds.
  path: Assets/Class 7th/Sprites/Scenery.jpg
  artifactKey: Guid(44d8198c5c8dc25479ccb48b6537ae3d) Importer(815301076,1909f56bfc062723c751e8b465ee728b)
Start importing Assets/Class 7th/Sprites/Scenery.jpg using Guid(44d8198c5c8dc25479ccb48b6537ae3d) Importer(815301076,1909f56bfc062723c751e8b465ee728b)  -> (artifact id: '6f71c0e587b51449417ae44cc68d7931') in 0.060802 seconds
Number of updated asset objects reloaded before import = 0
Number of asset objects unloaded after import = 3
========================================================================
Received Import Request.
  Time since last request: 66.318689 seconds.
  path: Assets/Class 12th/Cursors/Default.png
  artifactKey: Guid(e43eb6dc9e9ce1f47bac91c53a5246fc) Importer(815301076,1909f56bfc062723c751e8b465ee728b)
Start importing Assets/Class 12th/Cursors/Default.png using Guid(e43eb6dc9e9ce1f47bac91c53a5246fc) Importer(815301076,1909f56bfc062723c751e8b465ee728b)  -> (artifact id: 'f45267f01b51b550c18a49373615757e') in 0.026440 seconds
Number of updated asset objects reloaded before import = 0
Number of asset objects unloaded after import = 2
========================================================================
Received Prepare
Begin MonoManager ReloadAssembly
- Loaded All Assemblies, in  0.696 seconds
Refreshing native plugins compatible for Editor in 5.56 ms, found 3 plugins.
Native extension for WindowsStandalone target not found
Mono: successfully reloaded assembly
- Finished resetting the current domain, in  1.355 seconds
Domain Reload Profiling: 2047ms
	BeginReloadAssembly (189ms)
		ExecutionOrderSort (0ms)
		DisableScriptedObjects (5ms)
		BackupInstance (0ms)
		ReleaseScriptingObjects (0ms)
		CreateAndSetChildDomain (37ms)
	RebuildCommonClasses (39ms)
	RebuildNativeTypeToScriptingClass (65ms)
	initialDomainReloadingComplete (56ms)
	LoadAllAssembliesAndSetupDomain (342ms)
		LoadAssemblies (437ms)
		RebuildTransferFunctionScriptingTraits (0ms)
		AnalyzeDomain (18ms)
			TypeCache.Refresh (9ms)
				TypeCache.ScanAssembly (0ms)
			ScanForSourceGeneratedMonoScriptInfo (0ms)
			ResolveRequiredComponents (8ms)
	FinalizeReload (1355ms)
		ReleaseScriptCaches (0ms)
		RebuildScriptCaches (0ms)
		SetupLoadedEditorAssemblies (532ms)
			LogAssemblyErrors (0ms)
			InitializePlatformSupportModulesInManaged (10ms)
			SetLoadedEditorAssemblies (5ms)
			RefreshPlugins (0ms)
			BeforeProcessingInitializeOnLoad (84ms)
			ProcessInitializeOnLoadAttributes (396ms)
			ProcessInitializeOnLoadMethodAttributes (25ms)
			AfterProcessingInitializeOnLoad (12ms)
			EditorAssembliesLoaded (0ms)
		ExecutionOrderSort2 (0ms)
		AwakeInstancesAfterBackupRestoration (21ms)
Refreshing native plugins compatible for Editor in 7.66 ms, found 3 plugins.
Preloading 0 native plugins for Editor in 0.00 ms.
Unloading 3133 Unused Serialized files (Serialized files now loaded: 0)
Unloading 25 unused Assets / (31.5 KB). Loaded Objects now: 3628.
Memory consumption went from 133.5 MB to 133.4 MB.
Total: 3.858600 ms (FindLiveObjects: 0.473700 ms CreateObjectMapping: 0.449100 ms MarkObjects: 2.883900 ms  DeleteObjects: 0.051000 ms)

Prepare: number of updated asset objects reloaded= 0
AssetImportParameters requested are different than current active one (requested -> active):
  custom:container-demuxer-ogg: 62fdf1f143b41e24485cea50d1cbac27 -> 
  custom:video-decoder-ogg-theora: a1e56fd34408186e4bbccfd4996cb3dc -> 
  custom:framework-win-MediaFoundation: 216162199b28c13a410421893ffa2e32 -> 
  custom:CustomObjectIndexerAttribute: 43b350a4d6e6d1791af0b5038c4bea17 -> 
  custom:container-demuxer-webm: 4f35f7cbe854078d1ac9338744f61a02 -> 
  custom:container-muxer-webm: aa71ff27fc2769a1b78a27578f13a17b -> 
  custom:video-decoder-webm-vp8: 9c59270c3fd7afecdb556c50c9e8de78 -> 
  custom:SearchIndexIgnoredProperties: e643bd26f0fe6173181afceb89e7c659 -> 
  custom:AudioImporter_EditorPlatform: d09bf68614088b80899f8185d706f6e7 -> 
  custom:video-encoder-webm-vp8: eb34c28f22e8b96e1ab97ce403110664 -> 
  custom:audio-decoder-ogg-vorbis: bf7c407c2cedff20999df2af8eb42d56 -> 
  custom:audio-encoder-webm-vorbis: bf7c407c2cedff20999df2af8eb42d56 -> 
========================================================================
Received Import Request.
  Time since last request: 1442.010452 seconds.
  path: Assets/Class 12th/Sprites
  artifactKey: Guid(bedc7bb5ab7248b44aeab0554100da59) Importer(815301076,1909f56bfc062723c751e8b465ee728b)
Start importing Assets/Class 12th/Sprites using Guid(bedc7bb5ab7248b44aeab0554100da59) Importer(815301076,1909f56bfc062723c751e8b465ee728b)  -> (artifact id: '18e6168d171a2ce0030ce2e3aa278601') in 0.003641 seconds
Number of updated asset objects reloaded before import = 0
Number of asset objects unloaded after import = 0
========================================================================
Received Import Request.
  Time since last request: 7.605838 seconds.
  path: Assets/Class 12th/Sprites/biohazard-148696_1280.webp
  artifactKey: Guid(79223d0cf9b9e0747a674f19cb1077b6) Importer(815301076,1909f56bfc062723c751e8b465ee728b)
Start importing Assets/Class 12th/Sprites/biohazard-148696_1280.webp using Guid(79223d0cf9b9e0747a674f19cb1077b6) Importer(815301076,1909f56bfc062723c751e8b465ee728b)  -> (artifact id: '13558eb3bac680af4c0632a49b1cdc14') in 0.014615 seconds
Number of updated asset objects reloaded before import = 0
Number of asset objects unloaded after import = 1
========================================================================
Received Import Request.
  Time since last request: 8.932663 seconds.
  path: Assets/Class 12th/Sprites/Warning.webp
  artifactKey: Guid(79223d0cf9b9e0747a674f19cb1077b6) Importer(815301076,1909f56bfc062723c751e8b465ee728b)
Start importing Assets/Class 12th/Sprites/Warning.webp using Guid(79223d0cf9b9e0747a674f19cb1077b6) Importer(815301076,1909f56bfc062723c751e8b465ee728b)  -> (artifact id: '27c7dbafb979c214c06fa625d4c39f41') in 0.000968 seconds
Number of updated asset objects reloaded before import = 0
Number of asset objects unloaded after import = 1
========================================================================
Received Import Request.
  Time since last request: 22.113667 seconds.
  path: Assets/Class 12th/Sprites/biohazard-148696_1280.webp
  artifactKey: Guid(7e20758b841d89245843ba2aadb1492c) Importer(815301076,1909f56bfc062723c751e8b465ee728b)
Start importing Assets/Class 12th/Sprites/biohazard-148696_1280.webp using Guid(7e20758b841d89245843ba2aadb1492c) Importer(815301076,1909f56bfc062723c751e8b465ee728b)  -> (artifact id: '30554ed3853b4c35b9c6adccd885d2a8') in 0.000946 seconds
Number of updated asset objects reloaded before import = 0
Number of asset objects unloaded after import = 1
========================================================================
Received Import Request.
  Time since last request: 29.641476 seconds.
  path: Assets/Class 12th/Sprites/biohazard-148696_1280.png
  artifactKey: Guid(d6b8cc8bf690e4a47b425d26d69633c7) Importer(815301076,1909f56bfc062723c751e8b465ee728b)
Start importing Assets/Class 12th/Sprites/biohazard-148696_1280.png using Guid(d6b8cc8bf690e4a47b425d26d69633c7) Importer(815301076,1909f56bfc062723c751e8b465ee728b)  -> (artifact id: 'f4666a2b93df810d0536d414f90d6ed2') in 0.138574 seconds
Number of updated asset objects reloaded before import = 0
Number of asset objects unloaded after import = 2
========================================================================
Received Import Request.
  Time since last request: 5.145396 seconds.
  path: Assets/Class 12th/Sprites/Warning.png
  artifactKey: Guid(d6b8cc8bf690e4a47b425d26d69633c7) Importer(815301076,1909f56bfc062723c751e8b465ee728b)
Start importing Assets/Class 12th/Sprites/Warning.png using Guid(d6b8cc8bf690e4a47b425d26d69633c7) Importer(815301076,1909f56bfc062723c751e8b465ee728b)  -> (artifact id: '78ca469e568bb2da0f8838f91862656e') in 0.017919 seconds
Number of updated asset objects reloaded before import = 0
Number of asset objects unloaded after import = 2
========================================================================
Received Import Request.
  Time since last request: 8.952048 seconds.
  path: Assets/Class 12th/Sprites/Warning.png
  artifactKey: Guid(d6b8cc8bf690e4a47b425d26d69633c7) Importer(815301076,1909f56bfc062723c751e8b465ee728b)
Start importing Assets/Class 12th/Sprites/Warning.png using Guid(d6b8cc8bf690e4a47b425d26d69633c7) Importer(815301076,1909f56bfc062723c751e8b465ee728b)  -> (artifact id: '3ce572dee8d0d1da7639b36d8137de9b') in 0.048896 seconds
Number of updated asset objects reloaded before import = 0
Number of asset objects unloaded after import = 3
========================================================================
Received Import Request.
  Time since last request: 1226.929459 seconds.
  path: Assets/Class 12th/Scripts
  artifactKey: Guid(9b301b121bb53cb47abf77e61b91b88e) Importer(815301076,1909f56bfc062723c751e8b465ee728b)
Start importing Assets/Class 12th/Scripts using Guid(9b301b121bb53cb47abf77e61b91b88e) Importer(815301076,1909f56bfc062723c751e8b465ee728b)  -> (artifact id: 'f4d013c003e215d2586b26e35b3786bf') in 0.026554 seconds
Number of updated asset objects reloaded before import = 0
Number of asset objects unloaded after import = 0
========================================================================
Received Prepare
Begin MonoManager ReloadAssembly
- Loaded All Assemblies, in  2.801 seconds
Refreshing native plugins compatible for Editor in 23.17 ms, found 3 plugins.
Native extension for WindowsStandalone target not found
Mono: successfully reloaded assembly
- Finished resetting the current domain, in  8.884 seconds
Domain Reload Profiling: 11675ms
	BeginReloadAssembly (710ms)
		ExecutionOrderSort (0ms)
		DisableScriptedObjects (17ms)
		BackupInstance (0ms)
		ReleaseScriptingObjects (0ms)
		CreateAndSetChildDomain (230ms)
	RebuildCommonClasses (90ms)
	RebuildNativeTypeToScriptingClass (30ms)
	initialDomainReloadingComplete (151ms)
	LoadAllAssembliesAndSetupDomain (1810ms)
		LoadAssemblies (1849ms)
		RebuildTransferFunctionScriptingTraits (0ms)
		AnalyzeDomain (349ms)
			TypeCache.Refresh (265ms)
				TypeCache.ScanAssembly (14ms)
			ScanForSourceGeneratedMonoScriptInfo (42ms)
			ResolveRequiredComponents (40ms)
	FinalizeReload (8885ms)
		ReleaseScriptCaches (0ms)
		RebuildScriptCaches (0ms)
		SetupLoadedEditorAssemblies (2483ms)
			LogAssemblyErrors (0ms)
			InitializePlatformSupportModulesInManaged (22ms)
			SetLoadedEditorAssemblies (15ms)
			RefreshPlugins (0ms)
			BeforeProcessingInitializeOnLoad (334ms)
			ProcessInitializeOnLoadAttributes (1900ms)
			ProcessInitializeOnLoadMethodAttributes (173ms)
			AfterProcessingInitializeOnLoad (39ms)
			EditorAssembliesLoaded (0ms)
		ExecutionOrderSort2 (0ms)
		AwakeInstancesAfterBackupRestoration (69ms)
Refreshing native plugins compatible for Editor in 5.78 ms, found 3 plugins.
Preloading 0 native plugins for Editor in 0.00 ms.
Unloading 3134 Unused Serialized files (Serialized files now loaded: 0)
Unloading 25 unused Assets / (31.5 KB). Loaded Objects now: 3632.
Memory consumption went from 135.4 MB to 135.4 MB.
Total: 13.676100 ms (FindLiveObjects: 0.355400 ms CreateObjectMapping: 0.419200 ms MarkObjects: 12.797600 ms  DeleteObjects: 0.103100 ms)

Prepare: number of updated asset objects reloaded= 0
AssetImportParameters requested are different than current active one (requested -> active):
  custom:container-demuxer-ogg: 62fdf1f143b41e24485cea50d1cbac27 -> 
  custom:video-decoder-ogg-theora: a1e56fd34408186e4bbccfd4996cb3dc -> 
  custom:framework-win-MediaFoundation: 216162199b28c13a410421893ffa2e32 -> 
  custom:CustomObjectIndexerAttribute: 43b350a4d6e6d1791af0b5038c4bea17 -> 
  custom:container-demuxer-webm: 4f35f7cbe854078d1ac9338744f61a02 -> 
  custom:container-muxer-webm: aa71ff27fc2769a1b78a27578f13a17b -> 
  custom:video-decoder-webm-vp8: 9c59270c3fd7afecdb556c50c9e8de78 -> 
  custom:SearchIndexIgnoredProperties: e643bd26f0fe6173181afceb89e7c659 -> 
  custom:AudioImporter_EditorPlatform: d09bf68614088b80899f8185d706f6e7 -> 
  custom:video-encoder-webm-vp8: eb34c28f22e8b96e1ab97ce403110664 -> 
  custom:audio-decoder-ogg-vorbis: bf7c407c2cedff20999df2af8eb42d56 -> 
  custom:audio-encoder-webm-vorbis: bf7c407c2cedff20999df2af8eb42d56 -> 
========================================================================
Received Import Request.
  Time since last request: 42.501235 seconds.
  path: Assets/Class 12th/Scripts/Mouse.cs
  artifactKey: Guid(de80dc61867841e4bb6de8c0fd422de3) Importer(815301076,1909f56bfc062723c751e8b465ee728b)
Start importing Assets/Class 12th/Scripts/Mouse.cs using Guid(de80dc61867841e4bb6de8c0fd422de3) Importer(815301076,1909f56bfc062723c751e8b465ee728b)  -> (artifact id: '7a7cc6506e840969fbb7941f61237a92') in 0.018290 seconds
Number of updated asset objects reloaded before import = 0
Number of asset objects unloaded after import = 0
